<?xml version="1.0" encoding="UTF-8"?>
<!-- Generated by org.testng.reporters.JUnitXMLReporter -->
<testsuite ignored="2" hostname="Shiva" failures="0" tests="0" name="Default test" time="16.919" errors="0" timestamp="11 Sep 2024 06:26:27 GMT">
  <testcase classname="com.comcast.crm.orgtest.CreateOrgTestUsingBaseClassTest" name="createOrgTestWithIndustry" time="0.0">
    <ignored/>
  </testcase> <!-- createOrgTestWithIndustry -->
  <testcase classname="com.comcast.crm.orgtest.CreateOrgTestUsingBaseClassTest" name="createOrgTestWithPhoneNumber" time="0.0">
    <ignored/>
  </testcase> <!-- createOrgTestWithPhoneNumber -->
</testsuite> <!-- Default test -->
