<?xml version="1.0" encoding="UTF-8"?>
<!-- Generated by org.testng.reporters.JUnitXMLReporter -->
<testsuite ignored="2" hostname="Shiva" failures="0" tests="1" name="Default test" time="45.163" errors="0" timestamp="10 Sep 2024 10:55:36 GMT">
  <testcase classname="com.comcast.crm.orgtest.CreateOrgTestUsingBaseClassTest" name="createOrgTest" time="30.747"/>
  <testcase classname="com.comcast.crm.orgtest.CreateOrgTestUsingBaseClassTest" name="createOrgTestWithIndustry" time="0.0">
    <ignored/>
  </testcase> <!-- createOrgTestWithIndustry -->
  <testcase classname="com.comcast.crm.orgtest.CreateOrgTestUsingBaseClassTest" name="createOrgTestWithPhoneNumber" time="0.0">
    <ignored/>
  </testcase> <!-- createOrgTestWithPhoneNumber -->
</testsuite> <!-- Default test -->
