<?xml version="1.0" encoding="UTF-8"?>
<!-- Generated by org.testng.reporters.JUnitXMLReporter -->
<testsuite ignored="2" hostname="Shiva" failures="0" tests="6" name="TestRunner-Chrome" time="202.45" errors="0" timestamp="26 Aug 2024 04:57:44 GMT">
  <testcase classname="com.comcast.crm.orgtest.CreateOrgTestUsingBaseClassTest" name="createOrgTest" time="30.863"/>
  <testcase classname="com.comcast.crm.orgtest.CreateOrgTestUsingBaseClassTest" name="createOrgTestWithIndustry" time="16.921"/>
  <testcase classname="com.comcast.crm.orgtest.CreateOrgTestUsingBaseClassTest" name="createOrgTestWithPhoneNumber" time="17.38"/>
  <testcase classname="com.comcast.crm.contacttest.CreateContactTestUsingBaseClass" name="CreateContactTestUsingBaseClas" time="15.846"/>
  <testcase classname="com.comcast.crm.contacttest.CreateContactTestUsingBaseClass" name="CreateContactwithOrgTest" time="33.378"/>
  <testcase classname="com.comcast.crm.contacttest.CreateContactTestUsingBaseClass" name="CreateContactwithSupportDateTest" time="13.261"/>
  <testcase classname="com.comcast.crm.basetest.BaseClass" name="@BeforeSuite configBS" time="0.0">
    <ignored/>
  </testcase> <!-- @BeforeSuite configBS -->
  <testcase classname="com.comcast.crm.basetest.BaseClass" name="@AfterSuite configAS" time="0.0">
    <ignored/>
  </testcase> <!-- @AfterSuite configAS -->
</testsuite> <!-- TestRunner-Chrome -->
