<html>
<head>
<title>TestNG:  TestRunner-firefox</title>
<link href="../testng.css" rel="stylesheet" type="text/css" />
<link href="../my-testng.css" rel="stylesheet" type="text/css" />

<style type="text/css">
.log { display: none;} 
.stack-trace { display: none;} 
</style>
<script type="text/javascript">
<!--
function flip(e) {
  current = e.style.display;
  if (current == 'block') {
    e.style.display = 'none';
    return 0;
  }
  else {
    e.style.display = 'block';
    return 1;
  }
}

function toggleBox(szDivId, elem, msg1, msg2)
{
  var res = -1;  if (document.getElementById) {
    res = flip(document.getElementById(szDivId));
  }
  else if (document.all) {
    // this is the way old msie versions work
    res = flip(document.all[szDivId]);
  }
  if(elem) {
    if(res == 0) elem.innerHTML = msg1; else elem.innerHTML = msg2;
  }

}

function toggleAllBoxes() {
  if (document.getElementsByTagName) {
    d = document.getElementsByTagName('div');
    for (i = 0; i < d.length; i++) {
      if (d[i].className == 'log') {
        flip(d[i]);
      }
    }
  }
}

// -->
</script>

</head>
<body>
<h2 align='center'>TestRunner-firefox</h2><table border='1' align="center">
<tr>
<td>Tests passed/Failed/Skipped:</td><td>5/1/0</td>
</tr><tr>
<td>Started on:</td><td>Mon Aug 26 10:24:22 IST 2024</td>
</tr>
<tr><td>Total time:</td><td>197 seconds (197762 ms)</td>
</tr><tr>
<td>Included groups:</td><td></td>
</tr><tr>
<td>Excluded groups:</td><td></td>
</tr>
</table><p/>
<small><i>(Hover the method name to see the test class name)</i></small><p/>
<table width='100%' border='1' class='invocation-failed'>
<tr><td colspan='4' align='center'><b>FAILED CONFIGURATIONS</b></td></tr>
<tr><td><b>Test method</b></td>
<td width="30%"><b>Exception</b></td>
<td width="10%"><b>Time (seconds)</b></td>
<td><b>Instance</b></td>
</tr>
<tr>
<td title='com.comcast.crm.orgtest.CreateOrgTestUsingBaseClassTest.configAM()'><b>configAM</b><br>Test class: com.comcast.crm.orgtest.CreateOrgTestUsingBaseClassTest</td>
<td><div><pre>org.openqa.selenium.json.JsonException: java.lang.reflect.InvocationTargetException
Build info: version: &apos;4.8.3&apos;, revision: &apos;e5e76298c3&apos;
System info: os.name: &apos;Windows 11&apos;, os.arch: &apos;amd64&apos;, os.version: &apos;10.0&apos;, java.version: &apos;17.0.10&apos;
Driver info: org.openqa.selenium.firefox.FirefoxDriver
Command: [a4696531-23a7-4cf6-967e-c109282d544a, actions {actions=[org.openqa.selenium.interactions.Sequence@186ad216]}]
Capabilities {acceptInsecureCerts: true, browserName: firefox, browserVersion: 129.0.1, moz:accessibilityChecks: false, moz:buildID: 20240812083845, moz:geckodriverVersion: 0.35.0, moz:headless: false, moz:platformVersion: 10.0, moz:processID: 14920, moz:profile: C:\Users\Lenovo\AppData\Loc..., moz:shutdownTimeout: 60000, moz:webdriverClick: true, moz:windowless: false, pageLoadStrategy: normal, platformName: WINDOWS, proxy: Proxy(), setWindowRect: true, strictFileInteractability: false, timeouts: {implicit: 0, pageLoad: 300000, script: 30000}, unhandledPromptBehavior: dismiss and notify, userAgent: Mozilla/5.0 (Windows NT 10....}
Session ID: a4696531-23a7-4cf6-967e-c109282d544a
	at org.openqa.selenium.json.JsonOutput.convertUsingMethod(JsonOutput.java:362)
	at org.openqa.selenium.json.JsonOutput.lambda$new$16(JsonOutput.java:154)
	at org.openqa.selenium.json.JsonOutput.write(JsonOutput.java:287)
	at org.openqa.selenium.json.JsonOutput.lambda$new$22(JsonOutput.java:169)
	at java.base/java.util.stream.ForEachOps$ForEachOp$OfRef.accept(ForEachOps.java:183)
	at java.base/java.util.stream.ReferencePipeline$2$1.accept(ReferencePipeline.java:179)
	at java.base/java.util.Iterator.forEachRemaining(Iterator.java:133)
	at java.base/java.util.Spliterators$IteratorSpliterator.forEachRemaining(Spliterators.java:1845)
	at java.base/java.util.stream.AbstractPipeline.copyInto(AbstractPipeline.java:509)
	at java.base/java.util.stream.AbstractPipeline.wrapAndCopyInto(AbstractPipeline.java:499)
	at java.base/java.util.stream.ForEachOps$ForEachOp.evaluateSequential(ForEachOps.java:150)
	at java.base/java.util.stream.ForEachOps$ForEachOp$OfRef.evaluateSequential(ForEachOps.java:173)
	at java.base/java.util.stream.AbstractPipeline.evaluate(AbstractPipeline.java:234)
	at java.base/java.util.stream.ReferencePipeline.forEach(ReferencePipeline.java:596)
	at org.openqa.selenium.json.JsonOutput.lambda$new$23(JsonOutput.java:169)
	at org.openqa.selenium.json.JsonOutput.write(JsonOutput.java:287)
	at org.openqa.selenium.json.JsonOutput.lambda$new$24(JsonOutput.java:182)
	at com.google.common.collect.SingletonImmutableBiMap.forEach(SingletonImmutableBiMap.java:68)
	at org.openqa.selenium.json.JsonOutput.lambda$new$25(JsonOutput.java:177)
	at org.openqa.selenium.json.JsonOutput.write(JsonOutput.java:287)
	at org.openqa.selenium.json.JsonOutput.write(JsonOutput.java:278)
	at org.openqa.selenium.json.Json.toJson(Json.java:42)
	at org.openqa.selenium.remote.codec.AbstractHttpCommandCodec.encode(AbstractHttpCommandCodec.java:259)
	at org.openqa.selenium.remote.codec.AbstractHttpCommandCodec.encode(AbstractHttpCommandCodec.java:122)
	at org.openqa.selenium.remote.HttpCommandExecutor.execute(HttpCommandExecutor.java:181)
	at org.openqa.selenium.remote.service.DriverCommandExecutor.invokeExecute(DriverCommandExecutor.java:183)
	at org.openqa.selenium.remote.service.DriverCommandExecutor.execute(DriverCommandExecutor.java:158)
	at org.openqa.selenium.remote.RemoteWebDriver.execute(RemoteWebDriver.java:543)
	at org.openqa.selenium.remote.RemoteWebDriver.perform(RemoteWebDriver.java:611)
	at org.openqa.selenium.interactions.Actions$BuiltAction.perform(Actions.java:567)
	at org.openqa.selenium.interactions.Actions.perform(Actions.java:536)
	at com.comcast.crm.objectrepositary.utility.HomePage.logout(HomePage.java:55)
	at com.comcast.crm.basetest.BaseClass.configAM(BaseClass.java:95)
	at java.base/java.util.concurrent.FutureTask.run(FutureTask.java:264)
	at java.base/java.util.concurrent.ThreadPoolExecutor.runWorker(ThreadPoolExecutor.java:1136)
	at java.base/java.util.concurrent.ThreadPoolExecutor$Worker.run(ThreadPoolExecutor.java:635)
	at java.base/java.lang.Thread.run(Thread.java:840)
	Suppressed: org.openqa.selenium.json.JsonException: Attempting to close incomplete json stream
Build info: version: &apos;4.8.3&apos;, revision: &apos;e5e76298c3&apos;
System info: os.name: &apos;Windows 11&apos;, os.arch: &apos;amd64&apos;, os.version: &apos;10.0&apos;, java.version: &apos;17.0.10&apos;
Driver info: driver.version: RemoteWebDriver
		at org.openqa.selenium.json.JsonOutput.close(JsonOutput.java:303)
		at org.openqa.selenium.json.Json.toJson(Json.java:40)
		... 34 more
	at org.openqa.selenium.json.JsonOutput.convertUsingMethod(JsonOutput.java:358)
	... 55 more
Caused by: org.openqa.selenium.UnhandledAlertException: Unexpected alert dialog detected. Performed handler &quot;dismiss&quot;: 
Build info: version: &apos;4.8.3&apos;, revision: &apos;e5e76298c3&apos;
System info: os.name: &apos;Windows 11&apos;, os.arch: &apos;amd64&apos;, os.version: &apos;10.0&apos;, java.version: &apos;17.0.10&apos;
Driver info: org.openqa.selenium.firefox.FirefoxDriver
Command: [a4696531-23a7-4cf6-967e-c109282d544a, findElement {using=xpath, value=//img[@src=&apos;themes/softed/images/user.PNG&apos;]}]
Capabilities {acceptInsecureCerts: true, browserName: firefox, browserVersion: 129.0.1, moz:accessibilityChecks: false, moz:buildID: 20240812083845, moz:geckodriverVersion: 0.35.0, moz:headless: false, moz:platformVersion: 10.0, moz:processID: 14920, moz:profile: C:\Users\Lenovo\AppData\Loc..., moz:shutdownTimeout: 60000, moz:webdriverClick: true, moz:windowless: false, pageLoadStrategy: normal, platformName: WINDOWS, proxy: Proxy(), setWindowRect: true, strictFileInteractability: false, timeouts: {implicit: 0, pageLoad: 300000, script: 30000}, unhandledPromptBehavior: dismiss and notify, userAgent: Mozilla/5.0 (Windows NT 10....}
Session ID: a4696531-23a7-4cf6-967e-c109282d544a
	at org.openqa.selenium.remote.codec.w3c.W3CHttpResponseCodec.decode(W3CHttpResponseCodec.java:131)
	at org.openqa.selenium.remote.codec.w3c.W3CHttpResponseCodec.decode(W3CHttpResponseCodec.java:53)
	at org.openqa.selenium.remote.HttpCommandExecutor.execute(HttpCommandExecutor.java:193)
	at org.openqa.selenium.remote.service.DriverCommandExecutor.invokeExecute(DriverCommandExecutor.java:183)
	at org.openqa.selenium.remote.service.DriverCommandExecutor.execute(DriverCommandExecutor.java:158)
	at org.openqa.selenium.remote.RemoteWebDriver.execute(RemoteWebDriver.java:543)
	at org.openqa.selenium.remote.ElementLocation$ElementFinder$2.findElement(ElementLocation.java:162)
	at org.openqa.selenium.remote.ElementLocation.findElement(ElementLocation.java:60)
	at org.openqa.selenium.remote.RemoteWebDriver.findElement(RemoteWebDriver.java:352)
	at org.openqa.selenium.remote.RemoteWebDriver.findElement(RemoteWebDriver.java:344)
	at org.openqa.selenium.support.pagefactory.DefaultElementLocator.findElement(DefaultElementLocator.java:70)
	at org.openqa.selenium.support.pagefactory.internal.LocatingElementHandler.invoke(LocatingElementHandler.java:39)
	at jdk.proxy2/jdk.proxy2.$Proxy21.getWrappedElement(Unknown Source)
	at org.openqa.selenium.interactions.PointerInput$Origin.asArg(PointerInput.java:269)
	at org.openqa.selenium.interactions.PointerInput$Move.encode(PointerInput.java:218)
	at org.openqa.selenium.interactions.Sequence.encode(Sequence.java:73)
	at org.openqa.selenium.interactions.Sequence.toJson(Sequence.java:82)
	... 60 more
... Removed 24 stack frames</pre></div><a href='#' onClick='toggleBox("stack-trace1328198045", this, "Click to show all stack frames", "Click to hide stack frames")'>Click to show all stack frames</a>
<div class='stack-trace' id='stack-trace1328198045'><pre>org.openqa.selenium.json.JsonException: java.lang.reflect.InvocationTargetException
Build info: version: &apos;4.8.3&apos;, revision: &apos;e5e76298c3&apos;
System info: os.name: &apos;Windows 11&apos;, os.arch: &apos;amd64&apos;, os.version: &apos;10.0&apos;, java.version: &apos;17.0.10&apos;
Driver info: org.openqa.selenium.firefox.FirefoxDriver
Command: [a4696531-23a7-4cf6-967e-c109282d544a, actions {actions=[org.openqa.selenium.interactions.Sequence@186ad216]}]
Capabilities {acceptInsecureCerts: true, browserName: firefox, browserVersion: 129.0.1, moz:accessibilityChecks: false, moz:buildID: 20240812083845, moz:geckodriverVersion: 0.35.0, moz:headless: false, moz:platformVersion: 10.0, moz:processID: 14920, moz:profile: C:\Users\Lenovo\AppData\Loc..., moz:shutdownTimeout: 60000, moz:webdriverClick: true, moz:windowless: false, pageLoadStrategy: normal, platformName: WINDOWS, proxy: Proxy(), setWindowRect: true, strictFileInteractability: false, timeouts: {implicit: 0, pageLoad: 300000, script: 30000}, unhandledPromptBehavior: dismiss and notify, userAgent: Mozilla/5.0 (Windows NT 10....}
Session ID: a4696531-23a7-4cf6-967e-c109282d544a
	at org.openqa.selenium.json.JsonOutput.convertUsingMethod(JsonOutput.java:362)
	at org.openqa.selenium.json.JsonOutput.lambda$new$16(JsonOutput.java:154)
	at org.openqa.selenium.json.JsonOutput.write(JsonOutput.java:287)
	at org.openqa.selenium.json.JsonOutput.lambda$new$22(JsonOutput.java:169)
	at java.base/java.util.stream.ForEachOps$ForEachOp$OfRef.accept(ForEachOps.java:183)
	at java.base/java.util.stream.ReferencePipeline$2$1.accept(ReferencePipeline.java:179)
	at java.base/java.util.Iterator.forEachRemaining(Iterator.java:133)
	at java.base/java.util.Spliterators$IteratorSpliterator.forEachRemaining(Spliterators.java:1845)
	at java.base/java.util.stream.AbstractPipeline.copyInto(AbstractPipeline.java:509)
	at java.base/java.util.stream.AbstractPipeline.wrapAndCopyInto(AbstractPipeline.java:499)
	at java.base/java.util.stream.ForEachOps$ForEachOp.evaluateSequential(ForEachOps.java:150)
	at java.base/java.util.stream.ForEachOps$ForEachOp$OfRef.evaluateSequential(ForEachOps.java:173)
	at java.base/java.util.stream.AbstractPipeline.evaluate(AbstractPipeline.java:234)
	at java.base/java.util.stream.ReferencePipeline.forEach(ReferencePipeline.java:596)
	at org.openqa.selenium.json.JsonOutput.lambda$new$23(JsonOutput.java:169)
	at org.openqa.selenium.json.JsonOutput.write(JsonOutput.java:287)
	at org.openqa.selenium.json.JsonOutput.lambda$new$24(JsonOutput.java:182)
	at com.google.common.collect.SingletonImmutableBiMap.forEach(SingletonImmutableBiMap.java:68)
	at org.openqa.selenium.json.JsonOutput.lambda$new$25(JsonOutput.java:177)
	at org.openqa.selenium.json.JsonOutput.write(JsonOutput.java:287)
	at org.openqa.selenium.json.JsonOutput.write(JsonOutput.java:278)
	at org.openqa.selenium.json.Json.toJson(Json.java:42)
	at org.openqa.selenium.remote.codec.AbstractHttpCommandCodec.encode(AbstractHttpCommandCodec.java:259)
	at org.openqa.selenium.remote.codec.AbstractHttpCommandCodec.encode(AbstractHttpCommandCodec.java:122)
	at org.openqa.selenium.remote.HttpCommandExecutor.execute(HttpCommandExecutor.java:181)
	at org.openqa.selenium.remote.service.DriverCommandExecutor.invokeExecute(DriverCommandExecutor.java:183)
	at org.openqa.selenium.remote.service.DriverCommandExecutor.execute(DriverCommandExecutor.java:158)
	at org.openqa.selenium.remote.RemoteWebDriver.execute(RemoteWebDriver.java:543)
	at org.openqa.selenium.remote.RemoteWebDriver.perform(RemoteWebDriver.java:611)
	at org.openqa.selenium.interactions.Actions$BuiltAction.perform(Actions.java:567)
	at org.openqa.selenium.interactions.Actions.perform(Actions.java:536)
	at com.comcast.crm.objectrepositary.utility.HomePage.logout(HomePage.java:55)
	at com.comcast.crm.basetest.BaseClass.configAM(BaseClass.java:95)
	at java.base/jdk.internal.reflect.NativeMethodAccessorImpl.invoke0(Native Method)
	at java.base/jdk.internal.reflect.NativeMethodAccessorImpl.invoke(NativeMethodAccessorImpl.java:77)
	at java.base/jdk.internal.reflect.DelegatingMethodAccessorImpl.invoke(DelegatingMethodAccessorImpl.java:43)
	at java.base/java.lang.reflect.Method.invoke(Method.java:568)
	at org.testng.internal.MethodInvocationHelper.invokeMethod(MethodInvocationHelper.java:124)
	at org.testng.internal.MethodInvocationHelper.invokeMethodConsideringTimeout(MethodInvocationHelper.java:59)
	at org.testng.internal.Invoker.invokeConfigurationMethod(Invoker.java:458)
	at org.testng.internal.Invoker.invokeConfigurations(Invoker.java:222)
	at org.testng.internal.Invoker.invokeMethod(Invoker.java:646)
	at org.testng.internal.Invoker.invokeTestMethod(Invoker.java:719)
	at org.testng.internal.Invoker.invokeTestMethods(Invoker.java:989)
	at org.testng.internal.TestMethodWorker.invokeTestMethods(TestMethodWorker.java:125)
	at org.testng.internal.TestMethodWorker.run(TestMethodWorker.java:109)
	at org.testng.TestRunner.privateRun(TestRunner.java:648)
	at org.testng.TestRunner.run(TestRunner.java:505)
	at org.testng.SuiteRunner.runTest(SuiteRunner.java:455)
	at org.testng.SuiteRunner.access$000(SuiteRunner.java:40)
	at org.testng.SuiteRunner$SuiteWorker.run(SuiteRunner.java:489)
	at org.testng.internal.thread.ThreadUtil$1.call(ThreadUtil.java:52)
	at java.base/java.util.concurrent.FutureTask.run(FutureTask.java:264)
	at java.base/java.util.concurrent.ThreadPoolExecutor.runWorker(ThreadPoolExecutor.java:1136)
	at java.base/java.util.concurrent.ThreadPoolExecutor$Worker.run(ThreadPoolExecutor.java:635)
	at java.base/java.lang.Thread.run(Thread.java:840)
	Suppressed: org.openqa.selenium.json.JsonException: Attempting to close incomplete json stream
Build info: version: &apos;4.8.3&apos;, revision: &apos;e5e76298c3&apos;
System info: os.name: &apos;Windows 11&apos;, os.arch: &apos;amd64&apos;, os.version: &apos;10.0&apos;, java.version: &apos;17.0.10&apos;
Driver info: driver.version: RemoteWebDriver
		at org.openqa.selenium.json.JsonOutput.close(JsonOutput.java:303)
		at org.openqa.selenium.json.Json.toJson(Json.java:40)
		... 34 more
Caused by: java.lang.reflect.InvocationTargetException
	at java.base/jdk.internal.reflect.NativeMethodAccessorImpl.invoke0(Native Method)
	at java.base/jdk.internal.reflect.NativeMethodAccessorImpl.invoke(NativeMethodAccessorImpl.java:77)
	at java.base/jdk.internal.reflect.DelegatingMethodAccessorImpl.invoke(DelegatingMethodAccessorImpl.java:43)
	at java.base/java.lang.reflect.Method.invoke(Method.java:568)
	at org.openqa.selenium.json.JsonOutput.convertUsingMethod(JsonOutput.java:358)
	... 55 more
Caused by: org.openqa.selenium.UnhandledAlertException: Unexpected alert dialog detected. Performed handler &quot;dismiss&quot;: 
Build info: version: &apos;4.8.3&apos;, revision: &apos;e5e76298c3&apos;
System info: os.name: &apos;Windows 11&apos;, os.arch: &apos;amd64&apos;, os.version: &apos;10.0&apos;, java.version: &apos;17.0.10&apos;
Driver info: org.openqa.selenium.firefox.FirefoxDriver
Command: [a4696531-23a7-4cf6-967e-c109282d544a, findElement {using=xpath, value=//img[@src=&apos;themes/softed/images/user.PNG&apos;]}]
Capabilities {acceptInsecureCerts: true, browserName: firefox, browserVersion: 129.0.1, moz:accessibilityChecks: false, moz:buildID: 20240812083845, moz:geckodriverVersion: 0.35.0, moz:headless: false, moz:platformVersion: 10.0, moz:processID: 14920, moz:profile: C:\Users\Lenovo\AppData\Loc..., moz:shutdownTimeout: 60000, moz:webdriverClick: true, moz:windowless: false, pageLoadStrategy: normal, platformName: WINDOWS, proxy: Proxy(), setWindowRect: true, strictFileInteractability: false, timeouts: {implicit: 0, pageLoad: 300000, script: 30000}, unhandledPromptBehavior: dismiss and notify, userAgent: Mozilla/5.0 (Windows NT 10....}
Session ID: a4696531-23a7-4cf6-967e-c109282d544a
	at org.openqa.selenium.remote.codec.w3c.W3CHttpResponseCodec.decode(W3CHttpResponseCodec.java:131)
	at org.openqa.selenium.remote.codec.w3c.W3CHttpResponseCodec.decode(W3CHttpResponseCodec.java:53)
	at org.openqa.selenium.remote.HttpCommandExecutor.execute(HttpCommandExecutor.java:193)
	at org.openqa.selenium.remote.service.DriverCommandExecutor.invokeExecute(DriverCommandExecutor.java:183)
	at org.openqa.selenium.remote.service.DriverCommandExecutor.execute(DriverCommandExecutor.java:158)
	at org.openqa.selenium.remote.RemoteWebDriver.execute(RemoteWebDriver.java:543)
	at org.openqa.selenium.remote.ElementLocation$ElementFinder$2.findElement(ElementLocation.java:162)
	at org.openqa.selenium.remote.ElementLocation.findElement(ElementLocation.java:60)
	at org.openqa.selenium.remote.RemoteWebDriver.findElement(RemoteWebDriver.java:352)
	at org.openqa.selenium.remote.RemoteWebDriver.findElement(RemoteWebDriver.java:344)
	at org.openqa.selenium.support.pagefactory.DefaultElementLocator.findElement(DefaultElementLocator.java:70)
	at org.openqa.selenium.support.pagefactory.internal.LocatingElementHandler.invoke(LocatingElementHandler.java:39)
	at jdk.proxy2/jdk.proxy2.$Proxy21.getWrappedElement(Unknown Source)
	at org.openqa.selenium.interactions.PointerInput$Origin.asArg(PointerInput.java:269)
	at org.openqa.selenium.interactions.PointerInput$Move.encode(PointerInput.java:218)
	at org.openqa.selenium.interactions.Sequence.encode(Sequence.java:73)
	at org.openqa.selenium.interactions.Sequence.toJson(Sequence.java:82)
	... 60 more
</pre></div></td>
<td>0</td>
<td>com.comcast.crm.orgtest.CreateOrgTestUsingBaseClassTest@1c33c17b</td></tr>
</table><p>
<table width='100%' border='1' class='invocation-skipped'>
<tr><td colspan='4' align='center'><b>SKIPPED CONFIGURATIONS</b></td></tr>
<tr><td><b>Test method</b></td>
<td width="30%"><b>Exception</b></td>
<td width="10%"><b>Time (seconds)</b></td>
<td><b>Instance</b></td>
</tr>
<tr>
<td title='com.comcast.crm.orgtest.CreateOrgTestUsingBaseClassTest.configAC()'><b>configAC</b><br>Test class: com.comcast.crm.orgtest.CreateOrgTestUsingBaseClassTest</td>
<td></td>
<td>0</td>
<td>com.comcast.crm.orgtest.CreateOrgTestUsingBaseClassTest@1c33c17b</td></tr>
</table><p>
<table width='100%' border='1' class='invocation-failed'>
<tr><td colspan='4' align='center'><b>FAILED TESTS</b></td></tr>
<tr><td><b>Test method</b></td>
<td width="30%"><b>Exception</b></td>
<td width="10%"><b>Time (seconds)</b></td>
<td><b>Instance</b></td>
</tr>
<tr>
<td title='com.comcast.crm.orgtest.CreateOrgTestUsingBaseClassTest.createOrgTestWithPhoneNumber()'><b>createOrgTestWithPhoneNumber</b><br>Test class: com.comcast.crm.orgtest.CreateOrgTestUsingBaseClassTest</td>
<td><div><pre>org.openqa.selenium.WebDriverException: Failed to convert data to an object
Build info: version: &apos;4.8.3&apos;, revision: &apos;e5e76298c3&apos;
System info: os.name: &apos;Windows 11&apos;, os.arch: &apos;amd64&apos;, os.version: &apos;10.0&apos;, java.version: &apos;17.0.10&apos;
Driver info: org.openqa.selenium.firefox.FirefoxDriver
Command: [a4696531-23a7-4cf6-967e-c109282d544a, findElement {using=id, value=dtlview_Phone}]
Capabilities {acceptInsecureCerts: true, browserName: firefox, browserVersion: 129.0.1, moz:accessibilityChecks: false, moz:buildID: 20240812083845, moz:geckodriverVersion: 0.35.0, moz:headless: false, moz:platformVersion: 10.0, moz:processID: 14920, moz:profile: C:\Users\Lenovo\AppData\Loc..., moz:shutdownTimeout: 60000, moz:webdriverClick: true, moz:windowless: false, pageLoadStrategy: normal, platformName: WINDOWS, proxy: Proxy(), setWindowRect: true, strictFileInteractability: false, timeouts: {implicit: 0, pageLoad: 300000, script: 30000}, unhandledPromptBehavior: dismiss and notify, userAgent: Mozilla/5.0 (Windows NT 10....}
Session ID: a4696531-23a7-4cf6-967e-c109282d544a
	at org.openqa.selenium.remote.codec.w3c.W3CHttpResponseCodec.createException(W3CHttpResponseCodec.java:200)
	at org.openqa.selenium.remote.codec.w3c.W3CHttpResponseCodec.decode(W3CHttpResponseCodec.java:133)
	at org.openqa.selenium.remote.codec.w3c.W3CHttpResponseCodec.decode(W3CHttpResponseCodec.java:53)
	at org.openqa.selenium.remote.HttpCommandExecutor.execute(HttpCommandExecutor.java:193)
	at org.openqa.selenium.remote.service.DriverCommandExecutor.invokeExecute(DriverCommandExecutor.java:183)
	at org.openqa.selenium.remote.service.DriverCommandExecutor.execute(DriverCommandExecutor.java:158)
	at org.openqa.selenium.remote.RemoteWebDriver.execute(RemoteWebDriver.java:543)
	at org.openqa.selenium.remote.ElementLocation$ElementFinder$2.findElement(ElementLocation.java:162)
	at org.openqa.selenium.remote.ElementLocation.findElement(ElementLocation.java:60)
	at org.openqa.selenium.remote.RemoteWebDriver.findElement(RemoteWebDriver.java:352)
	at org.openqa.selenium.remote.RemoteWebDriver.findElement(RemoteWebDriver.java:344)
	at com.comcast.crm.orgtest.CreateOrgTestUsingBaseClassTest.createOrgTestWithPhoneNumber(CreateOrgTestUsingBaseClassTest.java:93)
	at java.base/java.util.concurrent.FutureTask.run(FutureTask.java:264)
	at java.base/java.util.concurrent.ThreadPoolExecutor.runWorker(ThreadPoolExecutor.java:1136)
	at java.base/java.util.concurrent.ThreadPoolExecutor$Worker.run(ThreadPoolExecutor.java:635)
	at java.base/java.lang.Thread.run(Thread.java:840)
... Removed 21 stack frames</pre></div><a href='#' onClick='toggleBox("stack-trace129028939", this, "Click to show all stack frames", "Click to hide stack frames")'>Click to show all stack frames</a>
<div class='stack-trace' id='stack-trace129028939'><pre>org.openqa.selenium.WebDriverException: Failed to convert data to an object
Build info: version: &apos;4.8.3&apos;, revision: &apos;e5e76298c3&apos;
System info: os.name: &apos;Windows 11&apos;, os.arch: &apos;amd64&apos;, os.version: &apos;10.0&apos;, java.version: &apos;17.0.10&apos;
Driver info: org.openqa.selenium.firefox.FirefoxDriver
Command: [a4696531-23a7-4cf6-967e-c109282d544a, findElement {using=id, value=dtlview_Phone}]
Capabilities {acceptInsecureCerts: true, browserName: firefox, browserVersion: 129.0.1, moz:accessibilityChecks: false, moz:buildID: 20240812083845, moz:geckodriverVersion: 0.35.0, moz:headless: false, moz:platformVersion: 10.0, moz:processID: 14920, moz:profile: C:\Users\Lenovo\AppData\Loc..., moz:shutdownTimeout: 60000, moz:webdriverClick: true, moz:windowless: false, pageLoadStrategy: normal, platformName: WINDOWS, proxy: Proxy(), setWindowRect: true, strictFileInteractability: false, timeouts: {implicit: 0, pageLoad: 300000, script: 30000}, unhandledPromptBehavior: dismiss and notify, userAgent: Mozilla/5.0 (Windows NT 10....}
Session ID: a4696531-23a7-4cf6-967e-c109282d544a
	at java.base/jdk.internal.reflect.NativeConstructorAccessorImpl.newInstance0(Native Method)
	at java.base/jdk.internal.reflect.NativeConstructorAccessorImpl.newInstance(NativeConstructorAccessorImpl.java:77)
	at java.base/jdk.internal.reflect.DelegatingConstructorAccessorImpl.newInstance(DelegatingConstructorAccessorImpl.java:45)
	at java.base/java.lang.reflect.Constructor.newInstanceWithCaller(Constructor.java:499)
	at java.base/java.lang.reflect.Constructor.newInstance(Constructor.java:480)
	at org.openqa.selenium.remote.codec.w3c.W3CHttpResponseCodec.createException(W3CHttpResponseCodec.java:200)
	at org.openqa.selenium.remote.codec.w3c.W3CHttpResponseCodec.decode(W3CHttpResponseCodec.java:133)
	at org.openqa.selenium.remote.codec.w3c.W3CHttpResponseCodec.decode(W3CHttpResponseCodec.java:53)
	at org.openqa.selenium.remote.HttpCommandExecutor.execute(HttpCommandExecutor.java:193)
	at org.openqa.selenium.remote.service.DriverCommandExecutor.invokeExecute(DriverCommandExecutor.java:183)
	at org.openqa.selenium.remote.service.DriverCommandExecutor.execute(DriverCommandExecutor.java:158)
	at org.openqa.selenium.remote.RemoteWebDriver.execute(RemoteWebDriver.java:543)
	at org.openqa.selenium.remote.ElementLocation$ElementFinder$2.findElement(ElementLocation.java:162)
	at org.openqa.selenium.remote.ElementLocation.findElement(ElementLocation.java:60)
	at org.openqa.selenium.remote.RemoteWebDriver.findElement(RemoteWebDriver.java:352)
	at org.openqa.selenium.remote.RemoteWebDriver.findElement(RemoteWebDriver.java:344)
	at com.comcast.crm.orgtest.CreateOrgTestUsingBaseClassTest.createOrgTestWithPhoneNumber(CreateOrgTestUsingBaseClassTest.java:93)
	at java.base/jdk.internal.reflect.NativeMethodAccessorImpl.invoke0(Native Method)
	at java.base/jdk.internal.reflect.NativeMethodAccessorImpl.invoke(NativeMethodAccessorImpl.java:77)
	at java.base/jdk.internal.reflect.DelegatingMethodAccessorImpl.invoke(DelegatingMethodAccessorImpl.java:43)
	at java.base/java.lang.reflect.Method.invoke(Method.java:568)
	at org.testng.internal.MethodInvocationHelper.invokeMethod(MethodInvocationHelper.java:124)
	at org.testng.internal.Invoker.invokeMethod(Invoker.java:583)
	at org.testng.internal.Invoker.invokeTestMethod(Invoker.java:719)
	at org.testng.internal.Invoker.invokeTestMethods(Invoker.java:989)
	at org.testng.internal.TestMethodWorker.invokeTestMethods(TestMethodWorker.java:125)
	at org.testng.internal.TestMethodWorker.run(TestMethodWorker.java:109)
	at org.testng.TestRunner.privateRun(TestRunner.java:648)
	at org.testng.TestRunner.run(TestRunner.java:505)
	at org.testng.SuiteRunner.runTest(SuiteRunner.java:455)
	at org.testng.SuiteRunner.access$000(SuiteRunner.java:40)
	at org.testng.SuiteRunner$SuiteWorker.run(SuiteRunner.java:489)
	at org.testng.internal.thread.ThreadUtil$1.call(ThreadUtil.java:52)
	at java.base/java.util.concurrent.FutureTask.run(FutureTask.java:264)
	at java.base/java.util.concurrent.ThreadPoolExecutor.runWorker(ThreadPoolExecutor.java:1136)
	at java.base/java.util.concurrent.ThreadPoolExecutor$Worker.run(ThreadPoolExecutor.java:635)
	at java.base/java.lang.Thread.run(Thread.java:840)
</pre></div></td>
<td>11</td>
<td>com.comcast.crm.orgtest.CreateOrgTestUsingBaseClassTest@1c33c17b</td></tr>
</table><p>
<table width='100%' border='1' class='invocation-passed'>
<tr><td colspan='4' align='center'><b>PASSED TESTS</b></td></tr>
<tr><td><b>Test method</b></td>
<td width="30%"><b>Exception</b></td>
<td width="10%"><b>Time (seconds)</b></td>
<td><b>Instance</b></td>
</tr>
<tr>
<td title='com.comcast.crm.contacttest.CreateContactTestUsingBaseClass.CreateContactTestUsingBaseClas()'><b>CreateContactTestUsingBaseClas</b><br>Test class: com.comcast.crm.contacttest.CreateContactTestUsingBaseClass</td>
<td></td>
<td>25</td>
<td>com.comcast.crm.contacttest.CreateContactTestUsingBaseClass@5bf0fe62</td></tr>
<tr>
<td title='com.comcast.crm.contacttest.CreateContactTestUsingBaseClass.CreateContactwithOrgTest()'><b>CreateContactwithOrgTest</b><br>Test class: com.comcast.crm.contacttest.CreateContactTestUsingBaseClass</td>
<td></td>
<td>32</td>
<td>com.comcast.crm.contacttest.CreateContactTestUsingBaseClass@5bf0fe62</td></tr>
<tr>
<td title='com.comcast.crm.contacttest.CreateContactTestUsingBaseClass.CreateContactwithSupportDateTest()'><b>CreateContactwithSupportDateTest</b><br>Test class: com.comcast.crm.contacttest.CreateContactTestUsingBaseClass</td>
<td></td>
<td>17</td>
<td>com.comcast.crm.contacttest.CreateContactTestUsingBaseClass@5bf0fe62</td></tr>
<tr>
<td title='com.comcast.crm.orgtest.CreateOrgTestUsingBaseClassTest.createOrgTest()'><b>createOrgTest</b><br>Test class: com.comcast.crm.orgtest.CreateOrgTestUsingBaseClassTest</td>
<td></td>
<td>28</td>
<td>com.comcast.crm.orgtest.CreateOrgTestUsingBaseClassTest@1c33c17b</td></tr>
<tr>
<td title='com.comcast.crm.orgtest.CreateOrgTestUsingBaseClassTest.createOrgTestWithIndustry()'><b>createOrgTestWithIndustry</b><br>Test class: com.comcast.crm.orgtest.CreateOrgTestUsingBaseClassTest</td>
<td></td>
<td>17</td>
<td>com.comcast.crm.orgtest.CreateOrgTestUsingBaseClassTest@1c33c17b</td></tr>
</table><p>
</body>
</html>