<?xml version="1.0" encoding="UTF-8"?>
<!-- Generated by org.testng.reporters.JUnitXMLReporter -->
<testsuite ignored="2" hostname="Shiva" failures="0" tests="1" name="Test" time="22.141" errors="0" timestamp="09 Sep 2024 06:38:42 GMT">
  <testcase classname="com.comcast.crm.orgtest.CreateOrgTestUsingBaseClassTest" name="createOrgTest" time="15.142"/>
  <testcase classname="com.comcast.crm.orgtest.CreateOrgTestUsingBaseClassTest" name="createOrgTestWithIndustry" time="0.0">
    <ignored/>
  </testcase> <!-- createOrgTestWithIndustry -->
  <testcase classname="com.comcast.crm.orgtest.CreateOrgTestUsingBaseClassTest" name="createOrgTestWithPhoneNumber" time="0.0">
    <ignored/>
  </testcase> <!-- createOrgTestWithPhoneNumber -->
</testsuite> <!-- Test -->
